<?xml version="1.0" encoding="UTF-8"?>
<!-- Generated by org.testng.reporters.JUnitReportReporter -->
<testsuite hostname="DESKTOP-EATN3GT" failures="0" tests="1" name="automation.Checkout" time="6.657" errors="0" timestamp="2025-03-17T13:34:35 WIB" skipped="0">
  <testcase classname="automation.Checkout" name="testCheckoutDetail" time="6.657"/>
  <system-out/>
</testsuite> <!-- automation.Checkout -->
